<?xml version="1.0" encoding="UTF-8"?>
<!-- Generated by org.testng.reporters.JUnitReportReporter -->
<testsuite hostname="DESKTOP-P9FNPDI" failures="0" tests="1" name="jenkins.JenkinsPracticeTest" time="0.003" errors="0" timestamp="2025-12-03T12:30:15 IST" skipped="0">
  <testcase classname="jenkins.JenkinsPracticeTest" name="jenkinsPracticeTest" time="0.003">
    <system-out>
      <![CDATA[Hii Jenkins]]>
    </system-out>
  </testcase> <!-- jenkinsPracticeTest -->
  <system-out>
    <![CDATA[Hii Github
Hii Jenkins
Hii Maven]]>
  </system-out>
</testsuite> <!-- jenkins.JenkinsPracticeTest -->
